<?xml version="1.0" encoding="UTF-8"?>
<testng-results ignored="0" total="1" passed="1" failed="0" skipped="0">
  <reporter-output>
  </reporter-output>
  <suite started-at="2024-04-22T13:16:40 IST" name="Default suite" finished-at="2024-04-22T13:18:09 IST" duration-ms="89338">
    <groups>
      <group name="cucumber">
        <method signature="AbstractTestNGCucumberTests.runScenario(io.cucumber.testng.PickleWrapper,io.cucumber.testng.FeatureWrapper)[pri:0, instance:cucumberOptions.TestNGTestRunner@791f145a]" name="runScenario" class="io.cucumber.testng.AbstractTestNGCucumberTests"/>
      </group> <!-- cucumber -->
    </groups>
    <test started-at="2024-04-22T13:16:40 IST" name="Default test" finished-at="2024-04-22T13:18:09 IST" duration-ms="89338">
      <class name="cucumberOptions.TestNGTestRunner">
        <test-method is-config="true" signature="setUpClass(org.testng.ITestContext)[pri:0, instance:cucumberOptions.TestNGTestRunner@791f145a]" started-at="2024-04-22T13:16:40 IST" name="setUpClass" finished-at="2024-04-22T13:16:44 IST" duration-ms="3852" status="PASS">
          <params>
            <param index="0">
              <value>
                <![CDATA[org.testng.TestRunner@52f8a6f4]]>
              </value>
            </param>
          </params>
          <reporter-output>
          </reporter-output>
        </test-method> <!-- setUpClass -->
        <test-method signature="runScenario(io.cucumber.testng.PickleWrapper,io.cucumber.testng.FeatureWrapper)[pri:0, instance:cucumberOptions.TestNGTestRunner@791f145a]" started-at="2024-04-22T13:16:44 IST" name="runScenario" description="Runs Cucumber Scenarios" data-provider="scenarios" finished-at="2024-04-22T13:18:07 IST" duration-ms="83367" status="PASS">
          <params>
            <param index="0">
              <value>
                <![CDATA["Listing the top car wash services and then listing gym categories"]]>
              </value>
            </param>
            <param index="1">
              <value>
                <![CDATA["Optional[Car wash services]"]]>
              </value>
            </param>
          </params>
          <reporter-output>
          </reporter-output>
        </test-method> <!-- runScenario -->
        <test-method is-config="true" signature="tearDownClass()[pri:0, instance:cucumberOptions.TestNGTestRunner@791f145a]" started-at="2024-04-22T13:18:07 IST" name="tearDownClass" finished-at="2024-04-22T13:18:09 IST" duration-ms="1933" status="PASS">
          <reporter-output>
          </reporter-output>
        </test-method> <!-- tearDownClass -->
      </class> <!-- cucumberOptions.TestNGTestRunner -->
    </test> <!-- Default test -->
  </suite> <!-- Default suite -->
</testng-results>
